14:00:10 [App     ] Build date: Nov 23 2017, 15:35:04
14:00:10 [App     ] CPU: Intel(R) Core(TM) i7-4750HQ CPU @ 2.00GHz
14:00:10 [App     ] RAM: 8.00GB Physical Memory 8.00GB Virtual Memory
14:00:10 [App     ] OS: Darwin 18.0.0 (x86_64)
14:00:10 [App     ] SSE & AVX compatible CPU & OS detected
14:00:10 [App     ] Command line: -i /Users/Kratos/Desktop/ThatsAllFolks/MVS/output.mvs
14:00:10 [App     ] Camera model loaded: platform 0; camera  0; f 0.855x0.855; poses 48
14:00:10 [App     ] Image loaded   0: IMG_1621.JPG
14:00:10 [App     ] Image loaded   1: IMG_1622.JPG
14:00:10 [App     ] Image loaded   2: IMG_1623.JPG
14:00:10 [App     ] Image loaded   3: IMG_1624.JPG
14:00:10 [App     ] Image loaded   4: IMG_1625.JPG
14:00:10 [App     ] Image loaded   5: IMG_1626.JPG
14:00:10 [App     ] Image loaded   6: IMG_1627.JPG
14:00:10 [App     ] Image loaded   7: IMG_1628.JPG
14:00:10 [App     ] Image loaded   8: IMG_1629.JPG
14:00:10 [App     ] Image loaded   9: IMG_1630.JPG
14:00:10 [App     ] Image loaded  10: IMG_1631.JPG
14:00:10 [App     ] Image loaded  11: IMG_1632.JPG
14:00:10 [App     ] Image loaded  12: IMG_1633.JPG
14:00:10 [App     ] Image loaded  13: IMG_1634.JPG
14:00:10 [App     ] Image loaded  14: IMG_1635.JPG
14:00:10 [App     ] Image loaded  15: IMG_1636.JPG
14:00:10 [App     ] Image loaded  16: IMG_1637.JPG
14:00:10 [App     ] Image loaded  17: IMG_1638.JPG
14:00:10 [App     ] Image loaded  18: IMG_1639.JPG
14:00:10 [App     ] Image loaded  19: IMG_1640.JPG
14:00:10 [App     ] Image loaded  20: IMG_1641.JPG
14:00:10 [App     ] Image loaded  21: IMG_1642.JPG
14:00:10 [App     ] Image loaded  22: IMG_1643.JPG
14:00:10 [App     ] Image loaded  23: IMG_1644.JPG
14:00:10 [App     ] Image loaded  24: IMG_1645.JPG
14:00:10 [App     ] Image loaded  25: IMG_1646.JPG
14:00:10 [App     ] Image loaded  26: IMG_1647.JPG
14:00:10 [App     ] Image loaded  27: IMG_1648.JPG
14:00:10 [App     ] Image loaded  28: IMG_1649.JPG
14:00:10 [App     ] Image loaded  29: IMG_1650.JPG
14:00:10 [App     ] Image loaded  30: IMG_1651.JPG
14:00:10 [App     ] Image loaded  31: IMG_1652.JPG
14:00:10 [App     ] Image loaded  32: IMG_1653.JPG
14:00:10 [App     ] Image loaded  33: IMG_1654.JPG
14:00:10 [App     ] Image loaded  34: IMG_1655.JPG
14:00:10 [App     ] Image loaded  35: IMG_1656.JPG
14:00:10 [App     ] Image loaded  36: IMG_1657.JPG
14:00:10 [App     ] Image loaded  37: IMG_1658.JPG
14:00:10 [App     ] Image loaded  38: IMG_1659.JPG
14:00:10 [App     ] Image loaded  39: IMG_1660.JPG
14:00:10 [App     ] Image loaded  40: IMG_1661.JPG
14:00:10 [App     ] Image loaded  41: IMG_1662.JPG
14:00:10 [App     ] Image loaded  42: IMG_1663.JPG
14:00:10 [App     ] Image loaded  43: IMG_1664.JPG
14:00:10 [App     ] Image loaded  44: IMG_1665.JPG
14:00:10 [App     ] Image loaded  45: IMG_1666.JPG
14:00:10 [App     ] Image loaded  46: IMG_1667.JPG
14:00:10 [App     ] Image loaded  47: IMG_1668.JPG
14:00:10 [App     ] Scene loaded from interface format (65ms):
	48 images (48 calibrated) with a total of 71.19 MPixels (1.48 MPixels/image)
	7928 points, 0 vertices, 0 faces
14:00:11 [App     ] Preparing images for dense reconstruction completed: 48 images (1s170ms)
14:00:11 [App     ] Selecting images for dense reconstruction completed: 48 images (32ms)
14:00:11 [App     ] Reference image   0 paired with 4 views
14:00:11 [App     ] Reference image   1 paired with 4 views
14:00:17 [App     ] Depth-map for image   0 estimated using  4 images: 720x540 (5s379ms)
14:00:17 [App     ] Reference image   2 paired with 4 views
14:00:22 [App     ] Depth-map for image   1 estimated using  4 images: 720x540 (4s853ms)
14:00:22 [App     ] Reference image   3 paired with 4 views
14:00:27 [App     ] Depth-map for image   2 estimated using  4 images: 720x540 (5s526ms)
14:00:28 [App     ] Reference image   4 paired with 4 views
14:00:32 [App     ] Depth-map for image   3 estimated using  4 images: 720x540 (5s352ms)
14:00:34 [App     ] Reference image   5 paired with 4 views
14:00:38 [App     ] Depth-map for image   4 estimated using  4 images: 720x540 (5s472ms)
14:00:39 [App     ] Reference image   6 paired with 4 views
14:00:43 [App     ] Depth-map for image   5 estimated using  4 images: 720x540 (5s433ms)
14:00:44 [App     ] Reference image   7 paired with 4 views
14:00:48 [App     ] Depth-map for image   6 estimated using  4 images: 720x540 (4s936ms)
14:00:49 [App     ] Reference image   8 paired with 4 views
14:00:53 [App     ] Depth-map for image   7 estimated using  4 images: 720x540 (5s22ms)
14:00:54 [App     ] Reference image   9 paired with 3 views
14:00:58 [App     ] Depth-map for image   8 estimated using  4 images: 720x540 (4s298ms)
14:00:58 [App     ] Reference image  10 paired with 3 views
14:01:02 [App     ] Depth-map for image   9 estimated using  3 images: 720x540 (4s370ms)
14:01:03 [App     ] Reference image  11 paired with 4 views
14:01:05 [App     ] Depth-map for image  10 estimated using  3 images: 720x540 (3s333ms)
14:01:06 [App     ] Reference image  12 paired with 4 views
14:01:10 [App     ] Depth-map for image  11 estimated using  4 images: 720x540 (4s548ms)
14:01:10 [App     ] Reference image  13 paired with 4 views
14:01:15 [App     ] Depth-map for image  12 estimated using  4 images: 720x540 (5s194ms)
14:01:16 [App     ] Reference image  14 paired with 4 views
14:01:20 [App     ] Depth-map for image  13 estimated using  4 images: 720x540 (4s993ms)
14:01:21 [App     ] Reference image  15 paired with 1 views
14:01:25 [App     ] Depth-map for image  14 estimated using  4 images: 720x540 (4s615ms)
14:01:25 [App     ] Reference image  16 paired with 1 views
14:01:26 [App     ] Depth-map for image  15 with image  14 estimated: 720x540 (1s432ms)
14:01:27 [App     ] Reference image  17 paired with 3 views
14:01:27 [App     ] Depth-map for image  16 with image  14 estimated: 720x540 (1s320ms)
14:01:28 [App     ] Reference image  18 paired with 3 views
14:01:32 [App     ] Depth-map for image  17 estimated using  3 images: 720x540 (4s151ms)
14:01:32 [App     ] Reference image  19 paired with 3 views
14:01:35 [App     ] Depth-map for image  18 estimated using  3 images: 720x540 (3s584ms)
14:01:36 [App     ] Reference image  20 paired with 2 views
14:01:39 [App     ] Depth-map for image  19 estimated using  3 images: 720x540 (3s883ms)
14:01:40 [App     ] Reference image  21 paired with 3 views
14:01:41 [App     ] Depth-map for image  20 estimated using  2 images: 720x540 (2s422ms)
14:01:42 [App     ] Reference image  22 paired with 4 views
14:01:45 [App     ] Depth-map for image  21 estimated using  3 images: 720x540 (3s325ms)
14:01:45 [App     ] Reference image  23 paired with 4 views
14:01:50 [App     ] Depth-map for image  22 estimated using  4 images: 720x540 (5s44ms)
14:01:50 [App     ] Reference image  24 paired with 4 views
14:01:54 [App     ] Depth-map for image  23 estimated using  4 images: 720x540 (4s596ms)
14:01:55 [App     ] Reference image  25 paired with 4 views
14:01:59 [App     ] Depth-map for image  24 estimated using  4 images: 720x540 (4s371ms)
14:01:59 [App     ] Reference image  26 paired with 4 views
14:02:04 [App     ] Depth-map for image  25 estimated using  4 images: 720x540 (4s848ms)
14:02:04 [App     ] Reference image  27 paired with 4 views
14:02:08 [App     ] Depth-map for image  26 estimated using  4 images: 720x540 (4s586ms)
14:02:09 [App     ] Reference image  28 paired with 4 views
14:02:13 [App     ] Depth-map for image  27 estimated using  4 images: 720x540 (4s671ms)
14:02:13 [App     ] Reference image  29 paired with 4 views
14:02:18 [App     ] Depth-map for image  28 estimated using  4 images: 720x540 (4s998ms)
14:02:19 [App     ] Reference image  30 paired with 4 views
14:02:22 [App     ] Depth-map for image  29 estimated using  4 images: 720x540 (4s248ms)
14:02:23 [App     ] Reference image  31 paired with 4 views
14:02:27 [App     ] Depth-map for image  30 estimated using  4 images: 720x540 (4s691ms)
14:02:27 [App     ] Reference image  32 paired with 2 views
14:02:32 [App     ] Depth-map for image  31 estimated using  4 images: 720x540 (4s849ms)
14:02:32 [App     ] Reference image  33 paired with 4 views
14:02:34 [App     ] Depth-map for image  32 estimated using  2 images: 720x540 (2s625ms)
14:02:35 [App     ] Reference image  34 paired with 4 views
14:02:39 [App     ] Depth-map for image  33 estimated using  4 images: 720x540 (4s515ms)
14:02:39 [App     ] Reference image  35 paired with 4 views
14:02:44 [App     ] Depth-map for image  34 estimated using  4 images: 720x540 (4s931ms)
14:02:44 [App     ] Reference image  36 paired with 2 views
14:02:49 [App     ] Depth-map for image  35 estimated using  4 images: 720x540 (4s884ms)
14:02:49 [App     ] Reference image  37 paired with 1 views
14:02:51 [App     ] Depth-map for image  36 estimated using  2 images: 720x540 (2s359ms)
14:02:52 [App     ] Reference image  38 paired with 2 views
14:02:52 [App     ] Depth-map for image  37 with image  36 estimated: 720x540 (1s150ms)
14:02:53 [App     ] Reference image  39 paired with 2 views
14:02:54 [App     ] Depth-map for image  38 estimated using  2 images: 720x540 (1s999ms)
14:02:55 [App     ] Reference image  40 paired with 2 views
14:02:56 [App     ] Depth-map for image  39 estimated using  2 images: 720x540 (2s99ms)
14:02:57 [App     ] Reference image  41 paired with 3 views
14:02:58 [App     ] Depth-map for image  40 estimated using  2 images: 720x540 (1s849ms)
14:02:59 [App     ] Reference image  42 paired with 1 views
14:03:02 [App     ] Depth-map for image  41 estimated using  3 images: 720x540 (3s402ms)
14:03:02 [App     ] Reference image  43 paired with 4 views
14:03:03 [App     ] Depth-map for image  42 with image  17 estimated: 720x540 (1s532ms)
14:03:04 [App     ] Reference image  44 paired with 4 views
14:03:08 [App     ] Depth-map for image  43 estimated using  4 images: 720x540 (4s526ms)
14:03:08 [App     ] Reference image  45 paired with 4 views
14:03:12 [App     ] Depth-map for image  44 estimated using  4 images: 720x540 (4s747ms)
14:03:13 [App     ] Reference image  46 paired with 4 views
14:03:17 [App     ] Depth-map for image  45 estimated using  4 images: 720x540 (4s846ms)
14:03:18 [App     ] Reference image  47 paired with 4 views
14:03:22 [App     ] Depth-map for image  46 estimated using  4 images: 720x540 (4s948ms)
14:03:26 [App     ] Depth-map for image  47 estimated using  4 images: 720x540 (4s226ms)
14:03:27 [App     ] Depth map   6 filtered using 8 other images: 120422/274904 depths discarded (324ms)
14:03:27 [App     ] Depth map   5 filtered using 8 other images: 123123/282895 depths discarded (346ms)
14:03:27 [App     ] Depth map   7 filtered using 7 other images: 65877/295530 depths discarded (354ms)
14:03:27 [App     ] Depth map   1 filtered using 8 other images: 98052/270854 depths discarded (358ms)
14:03:27 [App     ] Depth map   2 filtered using 8 other images: 87874/281561 depths discarded (363ms)
14:03:27 [App     ] Depth map   3 filtered using 8 other images: 82305/275903 depths discarded (374ms)
14:03:27 [App     ] Depth map   8 filtered using 4 other images: 113842/251502 depths discarded (218ms)
14:03:27 [App     ] Depth map   0 filtered using 8 other images: 78559/318397 depths discarded (390ms)
14:03:28 [App     ] Depth map   9 filtered using 3 other images: 114978/249147 depths discarded (159ms)
14:03:28 [App     ] Depth map   4 filtered using 8 other images: 81228/250809 depths discarded (331ms)
14:03:28 [App     ] error: depth map  15 can not be filtered
14:03:28 [App     ] Depth map  11 filtered using 8 other images: 123559/232812 depths discarded (291ms)
14:03:28 [App     ] Depth map  12 filtered using 8 other images: 90323/266144 depths discarded (296ms)
14:03:28 [App     ] error: depth map  16 can not be filtered
14:03:28 [App     ] Depth map  13 filtered using 8 other images: 103581/273476 depths discarded (310ms)
14:03:28 [App     ] Depth map  20 filtered using 2 other images: 191936/260218 depths discarded (90ms)
14:03:28 [App     ] Depth map  14 filtered using 8 other images: 121916/240982 depths discarded (273ms)
14:03:28 [App     ] Depth map  10 filtered using 3 other images: 124514/189474 depths discarded (113ms)
14:03:28 [App     ] Depth map  19 filtered using 3 other images: 143176/247645 depths discarded (142ms)
14:03:28 [App     ] Depth map  18 filtered using 3 other images: 91622/246172 depths discarded (159ms)
14:03:28 [App     ] Depth map  17 filtered using 3 other images: 122975/264201 depths discarded (161ms)
14:03:28 [App     ] Depth map  21 filtered using 3 other images: 137934/248075 depths discarded (151ms)
14:03:29 [App     ] Depth map  24 filtered using 8 other images: 89864/276622 depths discarded (364ms)
14:03:29 [App     ] Depth map  25 filtered using 8 other images: 74063/270937 depths discarded (365ms)
14:03:29 [App     ] Depth map  29 filtered using 8 other images: 89803/288362 depths discarded (366ms)
14:03:29 [App     ] Depth map  23 filtered using 8 other images: 72490/285625 depths discarded (371ms)
14:03:29 [App     ] Depth map  28 filtered using 8 other images: 71568/293367 depths discarded (367ms)
14:03:29 [App     ] Depth map  22 filtered using 8 other images: 85296/297114 depths discarded (363ms)
14:03:29 [App     ] Depth map  27 filtered using 8 other images: 65840/288396 depths discarded (376ms)
14:03:29 [App     ] Depth map  26 filtered using 8 other images: 63203/283217 depths discarded (389ms)
14:03:29 [App     ] Depth map  32 filtered using 2 other images: 142428/280561 depths discarded (142ms)
14:03:29 [App     ] error: depth map  37 can not be filtered
14:03:29 [App     ] Depth map  35 filtered using 4 other images: 104811/303019 depths discarded (239ms)
14:03:29 [App     ] Depth map  36 filtered using 2 other images: 224495/314905 depths discarded (114ms)
14:03:29 [App     ] Depth map  30 filtered using 8 other images: 78300/285681 depths discarded (356ms)
14:03:29 [App     ] Depth map  31 filtered using 8 other images: 80436/277300 depths discarded (358ms)
14:03:29 [App     ] Depth map  33 filtered using 8 other images: 65045/263926 depths discarded (365ms)
14:03:30 [App     ] Depth map  38 filtered using 2 other images: 155629/254308 depths discarded (116ms)
14:03:30 [App     ] Depth map  39 filtered using 2 other images: 155962/271534 depths discarded (123ms)
14:03:30 [App     ] Depth map  40 filtered using 2 other images: 108379/228834 depths discarded (129ms)
14:03:30 [App     ] Depth map  34 filtered using 8 other images: 70837/303978 depths discarded (375ms)
14:03:30 [App     ] error: depth map  42 can not be filtered
14:03:30 [App     ] Depth map  41 filtered using 3 other images: 122162/253549 depths discarded (148ms)
14:03:30 [App     ] Depth map  45 filtered using 8 other images: 121446/243977 depths discarded (224ms)
14:03:30 [App     ] Depth map  46 filtered using 8 other images: 129145/295072 depths discarded (243ms)
14:03:31 [App     ] Depth map  43 filtered using 8 other images: 78301/266808 depths discarded (248ms)
14:03:31 [App     ] Depth map  47 filtered using 8 other images: 73444/262244 depths discarded (240ms)
14:03:31 [App     ] Depth map  44 filtered using 8 other images: 90265/260643 depths discarded (239ms)
14:03:42 [App     ] Depth-maps fused and filtered: 48 depth-maps, 12377025 depths, 1490959 points (12%%) (10s495ms)
14:03:43 [App     ] Densifying point-cloud completed: 1490959 points (3m32s729ms)
14:03:46 [App     ] Scene saved (3s190ms):
	48 images (48 calibrated)
	1490959 points, 0 vertices, 0 faces
14:03:46 [App     ] Point-cloud saved: 1490959 points (270ms)
