14:05:28 [App     ] Build date: Nov 23 2017, 15:35:04
14:05:28 [App     ] CPU: Intel(R) Core(TM) i7-4750HQ CPU @ 2.00GHz
14:05:28 [App     ] RAM: 8.00GB Physical Memory 8.00GB Virtual Memory
14:05:28 [App     ] OS: Darwin 18.0.0 (x86_64)
14:05:28 [App     ] SSE & AVX compatible CPU & OS detected
14:05:28 [App     ] Command line: -i /Users/Kratos/Desktop/ThatsAllFolks/MVS/output_dense_mesh.mvs
14:05:28 [App     ] Scene loaded (485ms):
	48 images (48 calibrated) with a total of 71.19 MPixels (1.48 MPixels/image)
	0 points, 475251 vertices, 949803 faces
14:05:54 [App     ] Cleaned mesh: 47829 vertices, 94978 faces (12s755ms)
14:05:54 [App     ] Cleaned mesh: 47829 vertices, 94978 faces (179ms)
14:05:59 [App     ] Cleaned mesh: 39301 vertices, 77673 faces (150ms)
14:05:59 [App     ] Mesh subdivided: 47829/94978 -> 39301/77673 vertices/faces
14:06:00 [App     ] 	 1. f: 14.85897 (3.7808e-04)	g: 0.47818 (1.2167e-05 - 1.2296e-03)	s: 0.500	v:     0
14:06:02 [App     ] 	 2. f: 14.37639 (3.6580e-04)	g: 0.38936 (9.9071e-06 - 1.0303e-03)	s: 0.490	v:     0
14:06:03 [App     ] 	 3. f: 14.20332 (3.6140e-04)	g: 0.37518 (9.5463e-06 - 9.1783e-04)	s: 0.480	v:     0
14:06:05 [App     ] 	 4. f: 14.04021 (3.5725e-04)	g: 0.35977 (9.1542e-06 - 8.3052e-04)	s: 0.471	v:     0
14:06:06 [App     ] 	 5. f: 13.95592 (3.5510e-04)	g: 0.35686 (9.0803e-06 - 7.6040e-04)	s: 0.461	v:     0
14:06:07 [App     ] 	 6. f: 13.84476 (3.5227e-04)	g: 0.32953 (8.3848e-06 - 7.0081e-04)	s: 0.452	v:     0
14:06:09 [App     ] 	 7. f: 13.81093 (3.5141e-04)	g: 0.32912 (8.3743e-06 - 6.5620e-04)	s: 0.443	v:     0
14:06:10 [App     ] 	 8. f: 13.75232 (3.4992e-04)	g: 0.31219 (7.9437e-06 - 6.1465e-04)	s: 0.434	v:     0
14:06:12 [App     ] 	 9. f: 13.68970 (3.4833e-04)	g: 0.29575 (7.5252e-06 - 5.7708e-04)	s: 0.425	v:     0
14:06:13 [App     ] 	10. f: 13.60133 (3.4608e-04)	g: 0.27845 (7.0851e-06 - 5.4423e-04)	s: 0.417	v:     0
14:06:14 [App     ] 	11. f: 13.59805 (3.4600e-04)	g: 0.28522 (7.2573e-06 - 5.2112e-04)	s: 0.409	v:     0
14:06:16 [App     ] 	12. f: 13.53828 (3.4448e-04)	g: 0.26945 (6.8559e-06 - 4.9548e-04)	s: 0.400	v:     0
14:06:17 [App     ] 	13. f: 13.54325 (3.4460e-04)	g: 0.27905 (7.1002e-06 - 4.7597e-04)	s: 0.392	v:     0
14:06:19 [App     ] 	14. f: 13.47625 (3.4290e-04)	g: 0.25345 (6.4490e-06 - 4.5449e-04)	s: 0.385	v:     0
14:06:20 [App     ] 	15. f: 13.49514 (3.4338e-04)	g: 0.25485 (6.4846e-06 - 4.3608e-04)	s: 0.377	v:     0
14:06:22 [App     ] 	16. f: 13.41597 (3.4136e-04)	g: 0.22283 (5.6698e-06 - 4.1515e-04)	s: 0.369	v:     0
14:06:23 [App     ] 	17. f: 13.39939 (3.4094e-04)	g: 0.22649 (5.7630e-06 - 4.0314e-04)	s: 0.362	v:     0
14:06:24 [App     ] 	18. f: 13.38184 (3.4050e-04)	g: 0.23512 (5.9825e-06 - 3.9270e-04)	s: 0.355	v:     0
14:06:26 [App     ] 	19. f: 13.37127 (3.4023e-04)	g: 0.22517 (5.7294e-06 - 3.7788e-04)	s: 0.348	v:     0
14:06:27 [App     ] 	20. f: 13.35617 (3.3984e-04)	g: 0.21191 (5.3921e-06 - 3.6667e-04)	s: 0.341	v:     0
14:06:29 [App     ] 	21. f: 13.33555 (3.3932e-04)	g: 0.21331 (5.4276e-06 - 3.5787e-04)	s: 0.334	v:     0
14:06:30 [App     ] 	22. f: 13.30507 (3.3854e-04)	g: 0.21099 (5.3686e-06 - 3.4746e-04)	s: 0.327	v:     0
14:06:32 [App     ] 	23. f: 13.30882 (3.3864e-04)	g: 0.19411 (4.9391e-06 - 3.3671e-04)	s: 0.321	v:     0
14:06:33 [App     ] 	24. f: 13.26866 (3.3762e-04)	g: 0.19304 (4.9119e-06 - 3.2927e-04)	s: 0.314	v:     0
14:06:34 [App     ] 	25. f: 13.28866 (3.3813e-04)	g: 0.21533 (5.4790e-06 - 3.2638e-04)	s: 0.308	v:     0
14:06:36 [App     ] 	26. f: 13.27730 (3.3784e-04)	g: 0.19952 (5.0767e-06 - 3.1906e-04)	s: 0.302	v:     0
14:06:37 [App     ] 	27. f: 13.27862 (3.3787e-04)	g: 0.18338 (4.6661e-06 - 3.1076e-04)	s: 0.296	v:     0
14:06:39 [App     ] 	28. f: 13.22880 (3.3660e-04)	g: 0.16817 (4.2791e-06 - 3.0198e-04)	s: 0.290	v:     0
14:06:40 [App     ] 	29. f: 13.24520 (3.3702e-04)	g: 0.17186 (4.3728e-06 - 2.9624e-04)	s: 0.284	v:     0
14:06:41 [App     ] 	30. f: 13.21952 (3.3637e-04)	g: 0.17067 (4.3427e-06 - 2.9065e-04)	s: 0.278	v:     0
14:06:43 [App     ] 	31. f: 13.22844 (3.3659e-04)	g: 0.17867 (4.5462e-06 - 2.8798e-04)	s: 0.273	v:     0
14:06:44 [App     ] 	32. f: 13.21715 (3.3631e-04)	g: 0.16873 (4.2933e-06 - 2.8339e-04)	s: 0.267	v:     0
14:06:46 [App     ] 	33. f: 13.21898 (3.3635e-04)	g: 0.16441 (4.1833e-06 - 2.5360e-04)	s: 0.262	v:     0
14:06:47 [App     ] 	34. f: 13.19510 (3.3574e-04)	g: 0.15772 (4.0131e-06 - 2.4685e-04)	s: 0.257	v:     0
14:06:48 [App     ] 	35. f: 13.19965 (3.3586e-04)	g: 0.15278 (3.8874e-06 - 2.4229e-04)	s: 0.252	v:     0
14:06:50 [App     ] 	36. f: 13.17682 (3.3528e-04)	g: 0.14564 (3.7057e-06 - 2.3764e-04)	s: 0.247	v:     0
14:06:51 [App     ] 	37. f: 13.18148 (3.3540e-04)	g: 0.14514 (3.6931e-06 - 2.3575e-04)	s: 0.242	v:     0
14:06:53 [App     ] 	38. f: 13.16723 (3.3504e-04)	g: 0.14065 (3.5789e-06 - 2.3224e-04)	s: 0.237	v:     0
14:06:54 [App     ] 	39. f: 13.17463 (3.3522e-04)	g: 0.13316 (3.3882e-06 - 2.2744e-04)	s: 0.232	v:     0
14:06:56 [App     ] 	40. f: 13.15720 (3.3478e-04)	g: 0.12873 (3.2756e-06 - 2.2254e-04)	s: 0.227	v:     0
14:06:57 [App     ] 	41. f: 13.16315 (3.3493e-04)	g: 0.12600 (3.2061e-06 - 2.1941e-04)	s: 0.223	v:     0
14:06:58 [App     ] 	42. f: 13.14587 (3.3449e-04)	g: 0.12337 (3.1391e-06 - 2.1741e-04)	s: 0.218	v:     0
14:07:00 [App     ] 	43. f: 13.15504 (3.3473e-04)	g: 0.11679 (2.9716e-06 - 2.1513e-04)	s: 0.214	v:     0
14:07:01 [App     ] 	44. f: 13.14427 (3.3445e-04)	g: 0.11562 (2.9419e-06 - 2.1169e-04)	s: 0.210	v:     0
14:07:03 [App     ] 	45. f: 13.14749 (3.3453e-04)	g: 0.11032 (2.8072e-06 - 2.0821e-04)	s: 0.206	v:     0
14:07:04 [App     ] Mesh subdivided: 39301/77673 -> 52290/103565 vertices/faces
14:07:09 [App     ] 	 1. f: 12.43430 (2.3779e-04)	g: 0.32706 (6.2548e-06 - 7.2442e-04)	s: 0.500	v:     0
14:07:13 [App     ] 	 2. f: 12.15836 (2.3252e-04)	g: 0.27475 (5.2544e-06 - 5.7774e-04)	s: 0.490	v:     0
14:07:18 [App     ] 	 3. f: 11.94633 (2.2846e-04)	g: 0.22141 (4.2343e-06 - 4.9359e-04)	s: 0.480	v:     0
14:07:22 [App     ] 	 4. f: 11.81455 (2.2594e-04)	g: 0.20347 (3.8912e-06 - 4.4138e-04)	s: 0.471	v:     0
14:07:27 [App     ] 	 5. f: 11.71863 (2.2411e-04)	g: 0.19256 (3.6826e-06 - 4.0563e-04)	s: 0.461	v:     0
14:07:31 [App     ] 	 6. f: 11.66221 (2.2303e-04)	g: 0.19166 (3.6654e-06 - 3.7749e-04)	s: 0.452	v:     0
14:07:35 [App     ] 	 7. f: 11.60661 (2.2197e-04)	g: 0.18640 (3.5647e-06 - 3.5268e-04)	s: 0.443	v:     0
14:07:40 [App     ] 	 8. f: 11.56247 (2.2112e-04)	g: 0.17957 (3.4342e-06 - 3.3232e-04)	s: 0.434	v:     0
14:07:44 [App     ] 	 9. f: 11.52189 (2.2035e-04)	g: 0.17869 (3.4172e-06 - 3.1648e-04)	s: 0.425	v:     0
14:07:49 [App     ] 	10. f: 11.49246 (2.1978e-04)	g: 0.18004 (3.4431e-06 - 3.0196e-04)	s: 0.417	v:     0
14:07:53 [App     ] 	11. f: 11.45593 (2.1908e-04)	g: 0.16992 (3.2496e-06 - 2.8731e-04)	s: 0.409	v:     0
14:07:58 [App     ] 	12. f: 11.43528 (2.1869e-04)	g: 0.16211 (3.1002e-06 - 2.7624e-04)	s: 0.400	v:     0
14:08:02 [App     ] 	13. f: 11.41175 (2.1824e-04)	g: 0.15905 (3.0417e-06 - 2.6582e-04)	s: 0.392	v:     0
14:08:07 [App     ] 	14. f: 11.39466 (2.1791e-04)	g: 0.15976 (3.0553e-06 - 2.5598e-04)	s: 0.385	v:     0
14:08:11 [App     ] 	15. f: 11.36954 (2.1743e-04)	g: 0.15203 (2.9074e-06 - 2.4575e-04)	s: 0.377	v:     0
14:08:15 [App     ] 	16. f: 11.36151 (2.1728e-04)	g: 0.14308 (2.7363e-06 - 2.3547e-04)	s: 0.369	v:     0
14:08:20 [App     ] 	17. f: 11.33134 (2.1670e-04)	g: 0.14381 (2.7503e-06 - 2.1372e-04)	s: 0.362	v:     0
14:08:24 [App     ] 	18. f: 11.33174 (2.1671e-04)	g: 0.14563 (2.7850e-06 - 2.0906e-04)	s: 0.355	v:     0
14:08:28 [App     ] 	19. f: 11.31573 (2.1640e-04)	g: 0.14811 (2.8325e-06 - 2.0367e-04)	s: 0.348	v:     0
14:08:32 [App     ] 	20. f: 11.31080 (2.1631e-04)	g: 0.13755 (2.6305e-06 - 1.9647e-04)	s: 0.341	v:     0
14:08:37 [App     ] 	21. f: 11.29062 (2.1592e-04)	g: 0.14433 (2.7602e-06 - 1.9371e-04)	s: 0.334	v:     0
14:08:41 [App     ] 	22. f: 11.29491 (2.1601e-04)	g: 0.13775 (2.6343e-06 - 1.8876e-04)	s: 0.327	v:     0
14:08:45 [App     ] Mesh subdivided: 52290/103565 -> 137974/274369 vertices/faces
14:09:04 [App     ] 	 1. f: 12.96355 (9.3956e-05)	g: 0.32639 (2.3656e-06 - 5.7365e-04)	s: 0.500	v:     0
14:09:22 [App     ] 	 2. f: 12.53331 (9.0838e-05)	g: 0.25998 (1.8843e-06 - 4.7073e-04)	s: 0.490	v:     0
14:09:41 [App     ] 	 3. f: 12.21337 (8.8519e-05)	g: 0.22331 (1.6185e-06 - 4.0342e-04)	s: 0.480	v:     0
14:09:58 [App     ] 	 4. f: 11.97246 (8.6773e-05)	g: 0.19823 (1.4367e-06 - 3.5250e-04)	s: 0.471	v:     0
14:10:15 [App     ] 	 5. f: 11.77647 (8.5353e-05)	g: 0.17648 (1.2791e-06 - 3.1222e-04)	s: 0.461	v:     0
14:10:32 [App     ] 	 6. f: 11.62149 (8.4230e-05)	g: 0.16037 (1.1623e-06 - 2.7958e-04)	s: 0.452	v:     0
14:10:49 [App     ] 	 7. f: 11.49129 (8.3286e-05)	g: 0.14831 (1.0749e-06 - 2.5279e-04)	s: 0.443	v:     0
14:11:09 [App     ] 	 8. f: 11.38803 (8.2538e-05)	g: 0.13681 (9.9157e-07 - 2.3027e-04)	s: 0.434	v:     0
14:11:28 [App     ] 	 9. f: 11.29992 (8.1899e-05)	g: 0.12747 (9.2388e-07 - 2.1122e-04)	s: 0.425	v:     0
14:11:48 [App     ] 	10. f: 11.22724 (8.1372e-05)	g: 0.11967 (8.6734e-07 - 1.9495e-04)	s: 0.417	v:     0
14:12:06 [App     ] 	11. f: 11.16509 (8.0922e-05)	g: 0.11518 (8.3478e-07 - 1.8164e-04)	s: 0.409	v:     0
14:12:24 [App     ] 	12. f: 11.11470 (8.0556e-05)	g: 0.10685 (7.7440e-07 - 1.6494e-04)	s: 0.400	v:     0
14:12:41 [App     ] 	13. f: 11.07003 (8.0233e-05)	g: 0.10265 (7.4397e-07 - 1.5449e-04)	s: 0.392	v:     0
14:12:58 [App     ] 	14. f: 11.03510 (7.9980e-05)	g: 0.09590 (6.9505e-07 - 1.4511e-04)	s: 0.385	v:     0
14:13:15 [App     ] 	15. f: 11.00231 (7.9742e-05)	g: 0.08973 (6.5037e-07 - 1.3682e-04)	s: 0.377	v:     0
14:13:15 [App     ] Mesh refinement completed: 137974 vertices, 274369 faces (7m47s203ms)
14:13:16 [App     ] Scene saved (210ms):
	48 images (48 calibrated)
	0 points, 137974 vertices, 274369 faces
14:13:16 [App     ] Mesh saved: 137974 vertices, 274369 faces (39ms)
