Program called with the following parameters:
 * describerTypes = "sift"
 * distanceRatio = 0.8
 * exportDebugFiles = 0
 * featuresFolders =  = [C:/Users/ethan/Documents/GitHub/RoamerPipeline/Alice/Ethan1/MeshroomCache/FeatureExtraction/0473eb77f8082d04efbf26b60856110717a9d7a7]
 * geometricError = 0 (default)
 * geometricEstimator = "acransac"
 * geometricFilterType = "fundamental_matrix"
 * guidedMatching = 0
 * imagePairsList = "C:/Users/ethan/Documents/GitHub/RoamerPipeline/Alice/Ethan1/MeshroomCache/ImageMatching/28bb8fb4980ba80932c9e0b6e5e3ae689cf09a00/imageMatches.txt"
 * input = "C:/Users/ethan/Documents/GitHub/RoamerPipeline/Alice/Ethan1/MeshroomCache/CameraInit/8704707052153a072419b2c9b883e65390d9d839/cameraInit.sfm"
 * matchFilePerImage = 1 (default)
 * maxIteration = 2048
 * maxMatches = 0
 * output = "C:/Users/ethan/Documents/GitHub/RoamerPipeline/Alice/Ethan1/MeshroomCache/FeatureMatching/a247536d9d88e932610c7007beb81ad5fd88e513"
 * photometricMatchingMethod = "ANN_L2"
 * rangeSize = 8
 * rangeStart = 60
 * savePutativeMatches = 0
 * useGridSort = 1 (default)
 * verboseLevel = "info"

[17:44:24.155032][info] Load pair list from file: C:/Users/ethan/Documents/GitHub/RoamerPipeline/Alice/Ethan1/MeshroomCache/ImageMatching/28bb8fb4980ba80932c9e0b6e5e3ae689cf09a00/imageMatches.txt
[17:44:24.157027][info] loadPairs: image pair (2014127030, 2019709110) added. File: "C:/Users/ethan/Documents/GitHub/RoamerPipeline/Alice/Ethan1/MeshroomCache/ImageMatching/28bb8fb4980ba80932c9e0b6e5e3ae689cf09a00/imageMatches.txt".
[17:44:24.158024][info] loadPairs: image pair (2014127030, 2045004962) added. File: "C:/Users/ethan/Documents/GitHub/RoamerPipeline/Alice/Ethan1/MeshroomCache/ImageMatching/28bb8fb4980ba80932c9e0b6e5e3ae689cf09a00/imageMatches.txt".
[17:44:24.159050][info] loadPairs: image pair (2014127030, 2095558067) added. File: "C:/Users/ethan/Documents/GitHub/RoamerPipeline/Alice/Ethan1/MeshroomCache/ImageMatching/28bb8fb4980ba80932c9e0b6e5e3ae689cf09a00/imageMatches.txt".
[17:44:24.160049][info] loadPairs: image pair (2014127030, 2124113243) added. File: "C:/Users/ethan/Documents/GitHub/RoamerPipeline/Alice/Ethan1/MeshroomCache/ImageMatching/28bb8fb4980ba80932c9e0b6e5e3ae689cf09a00/imageMatches.txt".
[17:44:24.161047][info] loadPairs: image pair (2014127030, 2130703568) added. File: "C:/Users/ethan/Documents/GitHub/RoamerPipeline/Alice/Ethan1/MeshroomCache/ImageMatching/28bb8fb4980ba80932c9e0b6e5e3ae689cf09a00/imageMatches.txt".
[17:44:24.162041][info] loadPairs: image pair (2014127030, 2146998783) added. File: "C:/Users/ethan/Documents/GitHub/RoamerPipeline/Alice/Ethan1/MeshroomCache/ImageMatching/28bb8fb4980ba80932c9e0b6e5e3ae689cf09a00/imageMatches.txt".
[17:44:24.163039][info] loadPairs: image pair (2019709110, 2045004962) added. File: "C:/Users/ethan/Documents/GitHub/RoamerPipeline/Alice/Ethan1/MeshroomCache/ImageMatching/28bb8fb4980ba80932c9e0b6e5e3ae689cf09a00/imageMatches.txt".
[17:44:24.163039][info] loadPairs: image pair (2019709110, 2095558067) added. File: "C:/Users/ethan/Documents/GitHub/RoamerPipeline/Alice/Ethan1/MeshroomCache/ImageMatching/28bb8fb4980ba80932c9e0b6e5e3ae689cf09a00/imageMatches.txt".
[17:44:24.164037][info] loadPairs: image pair (2019709110, 2124113243) added. File: "C:/Users/ethan/Documents/GitHub/RoamerPipeline/Alice/Ethan1/MeshroomCache/ImageMatching/28bb8fb4980ba80932c9e0b6e5e3ae689cf09a00/imageMatches.txt".
[17:44:24.165034][info] loadPairs: image pair (2019709110, 2130703568) added. File: "C:/Users/ethan/Documents/GitHub/RoamerPipeline/Alice/Ethan1/MeshroomCache/ImageMatching/28bb8fb4980ba80932c9e0b6e5e3ae689cf09a00/imageMatches.txt".
[17:44:24.166031][info] loadPairs: image pair (2019709110, 2146998783) added. File: "C:/Users/ethan/Documents/GitHub/RoamerPipeline/Alice/Ethan1/MeshroomCache/ImageMatching/28bb8fb4980ba80932c9e0b6e5e3ae689cf09a00/imageMatches.txt".
[17:44:24.166999][info] loadPairs: image pair (2045004962, 2095558067) added. File: "C:/Users/ethan/Documents/GitHub/RoamerPipeline/Alice/Ethan1/MeshroomCache/ImageMatching/28bb8fb4980ba80932c9e0b6e5e3ae689cf09a00/imageMatches.txt".
[17:44:24.167996][info] loadPairs: image pair (2045004962, 2124113243) added. File: "C:/Users/ethan/Documents/GitHub/RoamerPipeline/Alice/Ethan1/MeshroomCache/ImageMatching/28bb8fb4980ba80932c9e0b6e5e3ae689cf09a00/imageMatches.txt".
[17:44:24.167996][info] loadPairs: image pair (2045004962, 2130703568) added. File: "C:/Users/ethan/Documents/GitHub/RoamerPipeline/Alice/Ethan1/MeshroomCache/ImageMatching/28bb8fb4980ba80932c9e0b6e5e3ae689cf09a00/imageMatches.txt".
[17:44:24.168993][info] loadPairs: image pair (2045004962, 2146998783) added. File: "C:/Users/ethan/Documents/GitHub/RoamerPipeline/Alice/Ethan1/MeshroomCache/ImageMatching/28bb8fb4980ba80932c9e0b6e5e3ae689cf09a00/imageMatches.txt".
[17:44:24.169991][info] loadPairs: image pair (2095558067, 2124113243) added. File: "C:/Users/ethan/Documents/GitHub/RoamerPipeline/Alice/Ethan1/MeshroomCache/ImageMatching/28bb8fb4980ba80932c9e0b6e5e3ae689cf09a00/imageMatches.txt".
[17:44:24.170988][info] loadPairs: image pair (2095558067, 2130703568) added. File: "C:/Users/ethan/Documents/GitHub/RoamerPipeline/Alice/Ethan1/MeshroomCache/ImageMatching/28bb8fb4980ba80932c9e0b6e5e3ae689cf09a00/imageMatches.txt".
[17:44:24.171986][info] loadPairs: image pair (2095558067, 2146998783) added. File: "C:/Users/ethan/Documents/GitHub/RoamerPipeline/Alice/Ethan1/MeshroomCache/ImageMatching/28bb8fb4980ba80932c9e0b6e5e3ae689cf09a00/imageMatches.txt".
[17:44:24.172983][info] loadPairs: image pair (2124113243, 2130703568) added. File: "C:/Users/ethan/Documents/GitHub/RoamerPipeline/Alice/Ethan1/MeshroomCache/ImageMatching/28bb8fb4980ba80932c9e0b6e5e3ae689cf09a00/imageMatches.txt".
[17:44:24.173981][info] loadPairs: image pair (2124113243, 2146998783) added. File: "C:/Users/ethan/Documents/GitHub/RoamerPipeline/Alice/Ethan1/MeshroomCache/ImageMatching/28bb8fb4980ba80932c9e0b6e5e3ae689cf09a00/imageMatches.txt".
[17:44:24.175005][info] loadPairs: image pair (2130703568, 2146998783) added. File: "C:/Users/ethan/Documents/GitHub/RoamerPipeline/Alice/Ethan1/MeshroomCache/ImageMatching/28bb8fb4980ba80932c9e0b6e5e3ae689cf09a00/imageMatches.txt".
[17:44:24.176003][info] Number of pairs: 21
[17:44:24.176003][info] Putative matches
[17:44:24.176003][info] There are 67 views and 21 image pairs.
Loading regions
0%   10   20   30   40   50   60   70   80   90   100%
|----|----|----|----|----|----|----|----|----|----|
******[17:44:24.202903][info] sift Regions Matching

0%   10   20   30   40   50   60   70   80   90   100%
|----|----|----|----|----|----|----|----|----|----|
***************************************************
[17:44:24.750438][info] 21 putative image pair matches
[17:44:24.750438][info] 	- image pair (2014127030, 2019709110) contains 72 putative matches.
[17:44:24.750438][info] 	- image pair (2014127030, 2045004962) contains 185 putative matches.
[17:44:24.751435][info] 	- image pair (2014127030, 2095558067) contains 67 putative matches.
[17:44:24.751435][info] 	- image pair (2014127030, 2124113243) contains 79 putative matches.
[17:44:24.751435][info] 	- image pair (2014127030, 2130703568) contains 182 putative matches.
[17:44:24.752432][info] 	- image pair (2014127030, 2146998783) contains 210 putative matches.
[17:44:24.752432][info] 	- image pair (2019709110, 2045004962) contains 54 putative matches.
[17:44:24.752432][info] 	- image pair (2019709110, 2095558067) contains 40 putative matches.
[17:44:24.753429][info] 	- image pair (2019709110, 2124113243) contains 678 putative matches.
[17:44:24.753429][info] 	- image pair (2019709110, 2130703568) contains 81 putative matches.
[17:44:24.753429][info] 	- image pair (2019709110, 2146998783) contains 98 putative matches.
[17:44:24.753429][info] 	- image pair (2045004962, 2095558067) contains 87 putative matches.
[17:44:24.754427][info] 	- image pair (2045004962, 2124113243) contains 76 putative matches.
[17:44:24.754427][info] 	- image pair (2045004962, 2130703568) contains 568 putative matches.
[17:44:24.754427][info] 	- image pair (2045004962, 2146998783) contains 443 putative matches.
[17:44:24.755424][info] 	- image pair (2095558067, 2124113243) contains 55 putative matches.
[17:44:24.755424][info] 	- image pair (2095558067, 2130703568) contains 128 putative matches.
[17:44:24.755424][info] 	- image pair (2095558067, 2146998783) contains 85 putative matches.
[17:44:24.756423][info] 	- image pair (2124113243, 2130703568) contains 65 putative matches.
[17:44:24.757420][info] 	- image pair (2124113243, 2146998783) contains 78 putative matches.
[17:44:24.757420][info] 	- image pair (2130703568, 2146998783) contains 544 putative matches.
[17:44:24.757420][info] Task (Regions Matching) done in (s): 0.554000
[17:44:24.758417][info] Geometric filtering: using fundamental_matrix
Robust Model Estimation
0%   10   20   30   40   50   60   70   80   90   100%
|----|----|----|----|----|----|----|----|----|----|
***************************************************
[17:44:24.918987][info] 10 geometric image pair matches:
[17:44:24.918987][info] 	- image pair (2014127030, 2045004962) contains 117 geometric matches.
[17:44:24.919985][info] 	- image pair (2014127030, 2130703568) contains 111 geometric matches.
[17:44:24.919985][info] 	- image pair (2014127030, 2146998783) contains 169 geometric matches.
[17:44:24.919985][info] 	- image pair (2019709110, 2124113243) contains 637 geometric matches.
[17:44:24.920982][info] 	- image pair (2045004962, 2095558067) contains 61 geometric matches.
[17:44:24.920982][info] 	- image pair (2045004962, 2130703568) contains 523 geometric matches.
[17:44:24.920982][info] 	- image pair (2045004962, 2146998783) contains 383 geometric matches.
[17:44:24.921979][info] 	- image pair (2095558067, 2130703568) contains 96 geometric matches.
[17:44:24.921979][info] 	- image pair (2095558067, 2146998783) contains 52 geometric matches.
[17:44:24.921979][info] 	- image pair (2130703568, 2146998783) contains 506 geometric matches.
[17:44:24.922977][info] Grid filtering
[17:44:24.923974][info] After grid filtering:
[17:44:24.923974][info] 	- image pair (2014127030, 2045004962) contains 117 geometric matches.
[17:44:24.923974][info] 	- image pair (2014127030, 2130703568) contains 111 geometric matches.
[17:44:24.924971][info] 	- image pair (2014127030, 2146998783) contains 169 geometric matches.
[17:44:24.924971][info] 	- image pair (2019709110, 2124113243) contains 637 geometric matches.
[17:44:24.924971][info] 	- image pair (2045004962, 2095558067) contains 61 geometric matches.
[17:44:24.925968][info] 	- image pair (2045004962, 2130703568) contains 523 geometric matches.
[17:44:24.925968][info] 	- image pair (2045004962, 2146998783) contains 383 geometric matches.
[17:44:24.925968][info] 	- image pair (2095558067, 2130703568) contains 96 geometric matches.
[17:44:24.926965][info] 	- image pair (2095558067, 2146998783) contains 52 geometric matches.
[17:44:24.926965][info] 	- image pair (2130703568, 2146998783) contains 506 geometric matches.
[17:44:24.926965][info] Save geometric matches.
[17:44:24.962870][info] Task done in (s): 0.205000
