Program called with the following parameters:
 * describerTypes = "sift"
 * distanceRatio = 0.8
 * exportDebugFiles = 0
 * featuresFolders =  = [C:/Users/maxch/Documents/GitHub/RoamerPipeline/Alice/MeshroomCache/FeatureExtraction/cb3e8e8adfcbefe9e3abb1357287bb7b55b2b03d]
 * geometricError = 0 (default)
 * geometricEstimator = "acransac"
 * geometricFilterType = "fundamental_matrix"
 * guidedMatching = 0
 * imagePairsList = "C:/Users/maxch/Documents/GitHub/RoamerPipeline/Alice/MeshroomCache/ImageMatching/25c5bf705970b4127d410f1a8c5e83bc58acc286/imageMatches.txt"
 * input = "C:/Users/maxch/Documents/GitHub/RoamerPipeline/Alice/MeshroomCache/CameraInit/fc7fbec3a6b5c0e1a8903c5b5da9aba8898dea0d/cameraInit.sfm"
 * matchFilePerImage = 1 (default)
 * maxIteration = 2048
 * maxMatches = 0
 * output = "C:/Users/maxch/Documents/GitHub/RoamerPipeline/Alice/MeshroomCache/FeatureMatching/2ed329e5660656a4b35f1bc8662539866944a7de"
 * photometricMatchingMethod = "ANN_L2"
 * rangeSize = 8
 * rangeStart = 60
 * savePutativeMatches = 0
 * useGridSort = 1 (default)
 * verboseLevel = "info"

[22:16:21.857729][info] Load pair list from file: C:/Users/maxch/Documents/GitHub/RoamerPipeline/Alice/MeshroomCache/ImageMatching/25c5bf705970b4127d410f1a8c5e83bc58acc286/imageMatches.txt
[22:16:21.858729][info] loadPairs: image pair (2014127030, 2019709110) added. File: "C:/Users/maxch/Documents/GitHub/RoamerPipeline/Alice/MeshroomCache/ImageMatching/25c5bf705970b4127d410f1a8c5e83bc58acc286/imageMatches.txt".
[22:16:21.859731][info] loadPairs: image pair (2014127030, 2045004962) added. File: "C:/Users/maxch/Documents/GitHub/RoamerPipeline/Alice/MeshroomCache/ImageMatching/25c5bf705970b4127d410f1a8c5e83bc58acc286/imageMatches.txt".
[22:16:21.860731][info] loadPairs: image pair (2014127030, 2095558067) added. File: "C:/Users/maxch/Documents/GitHub/RoamerPipeline/Alice/MeshroomCache/ImageMatching/25c5bf705970b4127d410f1a8c5e83bc58acc286/imageMatches.txt".
[22:16:21.861732][info] loadPairs: image pair (2014127030, 2124113243) added. File: "C:/Users/maxch/Documents/GitHub/RoamerPipeline/Alice/MeshroomCache/ImageMatching/25c5bf705970b4127d410f1a8c5e83bc58acc286/imageMatches.txt".
[22:16:21.862733][info] loadPairs: image pair (2014127030, 2130703568) added. File: "C:/Users/maxch/Documents/GitHub/RoamerPipeline/Alice/MeshroomCache/ImageMatching/25c5bf705970b4127d410f1a8c5e83bc58acc286/imageMatches.txt".
[22:16:21.862733][info] loadPairs: image pair (2014127030, 2146998783) added. File: "C:/Users/maxch/Documents/GitHub/RoamerPipeline/Alice/MeshroomCache/ImageMatching/25c5bf705970b4127d410f1a8c5e83bc58acc286/imageMatches.txt".
[22:16:21.863734][info] loadPairs: image pair (2019709110, 2045004962) added. File: "C:/Users/maxch/Documents/GitHub/RoamerPipeline/Alice/MeshroomCache/ImageMatching/25c5bf705970b4127d410f1a8c5e83bc58acc286/imageMatches.txt".
[22:16:21.864735][info] loadPairs: image pair (2019709110, 2095558067) added. File: "C:/Users/maxch/Documents/GitHub/RoamerPipeline/Alice/MeshroomCache/ImageMatching/25c5bf705970b4127d410f1a8c5e83bc58acc286/imageMatches.txt".
[22:16:21.865736][info] loadPairs: image pair (2019709110, 2124113243) added. File: "C:/Users/maxch/Documents/GitHub/RoamerPipeline/Alice/MeshroomCache/ImageMatching/25c5bf705970b4127d410f1a8c5e83bc58acc286/imageMatches.txt".
[22:16:21.865736][info] loadPairs: image pair (2019709110, 2130703568) added. File: "C:/Users/maxch/Documents/GitHub/RoamerPipeline/Alice/MeshroomCache/ImageMatching/25c5bf705970b4127d410f1a8c5e83bc58acc286/imageMatches.txt".
[22:16:21.866737][info] loadPairs: image pair (2019709110, 2146998783) added. File: "C:/Users/maxch/Documents/GitHub/RoamerPipeline/Alice/MeshroomCache/ImageMatching/25c5bf705970b4127d410f1a8c5e83bc58acc286/imageMatches.txt".
[22:16:21.867738][info] loadPairs: image pair (2045004962, 2095558067) added. File: "C:/Users/maxch/Documents/GitHub/RoamerPipeline/Alice/MeshroomCache/ImageMatching/25c5bf705970b4127d410f1a8c5e83bc58acc286/imageMatches.txt".
[22:16:21.868739][info] loadPairs: image pair (2045004962, 2124113243) added. File: "C:/Users/maxch/Documents/GitHub/RoamerPipeline/Alice/MeshroomCache/ImageMatching/25c5bf705970b4127d410f1a8c5e83bc58acc286/imageMatches.txt".
[22:16:21.869739][info] loadPairs: image pair (2045004962, 2130703568) added. File: "C:/Users/maxch/Documents/GitHub/RoamerPipeline/Alice/MeshroomCache/ImageMatching/25c5bf705970b4127d410f1a8c5e83bc58acc286/imageMatches.txt".
[22:16:21.869739][info] loadPairs: image pair (2045004962, 2146998783) added. File: "C:/Users/maxch/Documents/GitHub/RoamerPipeline/Alice/MeshroomCache/ImageMatching/25c5bf705970b4127d410f1a8c5e83bc58acc286/imageMatches.txt".
[22:16:21.870741][info] loadPairs: image pair (2095558067, 2124113243) added. File: "C:/Users/maxch/Documents/GitHub/RoamerPipeline/Alice/MeshroomCache/ImageMatching/25c5bf705970b4127d410f1a8c5e83bc58acc286/imageMatches.txt".
[22:16:21.871741][info] loadPairs: image pair (2095558067, 2130703568) added. File: "C:/Users/maxch/Documents/GitHub/RoamerPipeline/Alice/MeshroomCache/ImageMatching/25c5bf705970b4127d410f1a8c5e83bc58acc286/imageMatches.txt".
[22:16:21.872743][info] loadPairs: image pair (2095558067, 2146998783) added. File: "C:/Users/maxch/Documents/GitHub/RoamerPipeline/Alice/MeshroomCache/ImageMatching/25c5bf705970b4127d410f1a8c5e83bc58acc286/imageMatches.txt".
[22:16:21.872743][info] loadPairs: image pair (2124113243, 2130703568) added. File: "C:/Users/maxch/Documents/GitHub/RoamerPipeline/Alice/MeshroomCache/ImageMatching/25c5bf705970b4127d410f1a8c5e83bc58acc286/imageMatches.txt".
[22:16:21.873744][info] loadPairs: image pair (2124113243, 2146998783) added. File: "C:/Users/maxch/Documents/GitHub/RoamerPipeline/Alice/MeshroomCache/ImageMatching/25c5bf705970b4127d410f1a8c5e83bc58acc286/imageMatches.txt".
[22:16:21.874744][info] loadPairs: image pair (2130703568, 2146998783) added. File: "C:/Users/maxch/Documents/GitHub/RoamerPipeline/Alice/MeshroomCache/ImageMatching/25c5bf705970b4127d410f1a8c5e83bc58acc286/imageMatches.txt".
[22:16:21.875745][info] Number of pairs: 21
[22:16:21.875745][info] Putative matches
[22:16:21.875745][info] There are 67 views and 21 image pairs.
Loading regions
0%   10   20   30   40   50   60   70   80   90   100%
|----|----|----|----|----|----|----|----|----|----|
******[22:16:21.910776][info] sift Regions Matching

0%   10   20   30   40   50   60   70   80   90   100%
|----|----|----|----|----|----|----|----|----|----|
***************************************************
[22:16:22.337166][info] 21 putative image pair matches
[22:16:22.337166][info] 	- image pair (2014127030, 2019709110) contains 76 putative matches.
[22:16:22.337166][info] 	- image pair (2014127030, 2045004962) contains 182 putative matches.
[22:16:22.337166][info] 	- image pair (2014127030, 2095558067) contains 70 putative matches.
[22:16:22.338166][info] 	- image pair (2014127030, 2124113243) contains 78 putative matches.
[22:16:22.338166][info] 	- image pair (2014127030, 2130703568) contains 176 putative matches.
[22:16:22.338166][info] 	- image pair (2014127030, 2146998783) contains 209 putative matches.
[22:16:22.339167][info] 	- image pair (2019709110, 2045004962) contains 58 putative matches.
[22:16:22.339167][info] 	- image pair (2019709110, 2095558067) contains 45 putative matches.
[22:16:22.339167][info] 	- image pair (2019709110, 2124113243) contains 670 putative matches.
[22:16:22.340168][info] 	- image pair (2019709110, 2130703568) contains 83 putative matches.
[22:16:22.340168][info] 	- image pair (2019709110, 2146998783) contains 95 putative matches.
[22:16:22.340168][info] 	- image pair (2045004962, 2095558067) contains 84 putative matches.
[22:16:22.341169][info] 	- image pair (2045004962, 2124113243) contains 72 putative matches.
[22:16:22.341169][info] 	- image pair (2045004962, 2130703568) contains 566 putative matches.
[22:16:22.341169][info] 	- image pair (2045004962, 2146998783) contains 449 putative matches.
[22:16:22.342170][info] 	- image pair (2095558067, 2124113243) contains 49 putative matches.
[22:16:22.342170][info] 	- image pair (2095558067, 2130703568) contains 128 putative matches.
[22:16:22.342170][info] 	- image pair (2095558067, 2146998783) contains 88 putative matches.
[22:16:22.343171][info] 	- image pair (2124113243, 2130703568) contains 66 putative matches.
[22:16:22.343171][info] 	- image pair (2124113243, 2146998783) contains 75 putative matches.
[22:16:22.343171][info] 	- image pair (2130703568, 2146998783) contains 545 putative matches.
[22:16:22.344172][info] Task (Regions Matching) done in (s): 0.432000
[22:16:22.344172][info] Geometric filtering: using fundamental_matrix
Robust Model Estimation
0%   10   20   30   40   50   60   70   80   90   100%
|----|----|----|----|----|----|----|----|----|----|
***************************************************
[22:16:22.472289][info] 10 geometric image pair matches:
[22:16:22.472289][info] 	- image pair (2014127030, 2045004962) contains 104 geometric matches.
[22:16:22.473289][info] 	- image pair (2014127030, 2130703568) contains 102 geometric matches.
[22:16:22.473289][info] 	- image pair (2014127030, 2146998783) contains 175 geometric matches.
[22:16:22.474290][info] 	- image pair (2019709110, 2124113243) contains 590 geometric matches.
[22:16:22.474290][info] 	- image pair (2019709110, 2146998783) contains 56 geometric matches.
[22:16:22.474290][info] 	- image pair (2045004962, 2130703568) contains 506 geometric matches.
[22:16:22.475291][info] 	- image pair (2045004962, 2146998783) contains 403 geometric matches.
[22:16:22.475291][info] 	- image pair (2095558067, 2130703568) contains 88 geometric matches.
[22:16:22.476292][info] 	- image pair (2095558067, 2146998783) contains 55 geometric matches.
[22:16:22.476292][info] 	- image pair (2130703568, 2146998783) contains 495 geometric matches.
[22:16:22.476292][info] Grid filtering
[22:16:22.477293][info] After grid filtering:
[22:16:22.478294][info] 	- image pair (2014127030, 2045004962) contains 104 geometric matches.
[22:16:22.478294][info] 	- image pair (2014127030, 2130703568) contains 102 geometric matches.
[22:16:22.478294][info] 	- image pair (2014127030, 2146998783) contains 175 geometric matches.
[22:16:22.479295][info] 	- image pair (2019709110, 2124113243) contains 590 geometric matches.
[22:16:22.479295][info] 	- image pair (2019709110, 2146998783) contains 56 geometric matches.
[22:16:22.479295][info] 	- image pair (2045004962, 2130703568) contains 506 geometric matches.
[22:16:22.480296][info] 	- image pair (2045004962, 2146998783) contains 403 geometric matches.
[22:16:22.480296][info] 	- image pair (2095558067, 2130703568) contains 88 geometric matches.
[22:16:22.480296][info] 	- image pair (2095558067, 2146998783) contains 55 geometric matches.
[22:16:22.481296][info] 	- image pair (2130703568, 2146998783) contains 495 geometric matches.
[22:16:22.481296][info] Save geometric matches.
[22:16:22.515328][info] Task done in (s): 0.171000
